{"content": {"suites": {"0": {"status": {"total_pass": 10, "total_skip": 5, "total_xpass": 0, "total_xfail": 0, "total_rerun": 0, "total_fail": 4, "total_error": 0}, "tests": {"0": {"status": "SKIP", "message": "('C:\\\\Workspace\\\\Open_canoe\\\\Internship_work\\\\Tests\\\\dummie_tests\\\\Basic_test\\\\test_basic.py', 146, 'Skipped: Old test')\n", "test_name": "test_Flashing", "rerun": "0"}, "1": {"status": "PASS", "message": "", "test_name": "test_SWversion", "rerun": "0"}, "2": {"status": "PASS", "message": "", "test_name": "test_HW", "rerun": "0"}, "3": {"status": "FAIL", "message": "       AssertionError: because\n       assert False\n", "test_name": "test_ManulaCalibration", "rerun": "0"}, "4": {"status": "FAIL", "message": "       AssertionError: blabla\n       assert False\n", "test_name": "test_StaticCalibration", "rerun": "0"}, "5": {"status": "PASS", "message": "", "test_name": "test_VDET0", "rerun": "0"}, "6": {"status": "PASS", "message": "", "test_name": "test_VDET30", "rerun": "0"}, "7": {"status": "SKIP", "message": "('C:\\\\Workspace\\\\Open_canoe\\\\Internship_work\\\\Tests\\\\dummie_tests\\\\Basic_test\\\\test_basic.py', 146, 'Skipped: Old test')\n", "test_name": "test_ODET0", "rerun": "0"}, "8": {"status": "SKIP", "message": "('C:\\\\Workspace\\\\Open_canoe\\\\Internship_work\\\\Tests\\\\dummie_tests\\\\Basic_test\\\\test_basic.py', 146, 'Skipped: Test not finished')\n", "test_name": "test_ODET30", "rerun": "0"}, "9": {"status": "PASS", "message": "", "test_name": "test_Lane0", "rerun": "0"}, "10": {"status": "PASS", "message": "", "test_name": "test_Lane30", "rerun": "0"}, "11": {"status": "FAIL", "message": "       AssertionError: hah\n       assert False\n", "test_name": "test_Beta0", "rerun": "0"}, "12": {"status": "FAIL", "message": "       AssertionError: hello\n       assert False\n", "test_name": "test_Beta30", "rerun": "0"}, "13": {"status": "PASS", "message": "", "test_name": "test_Next0", "rerun": "0"}, "14": {"status": "PASS", "message": "", "test_name": "test_Next30", "rerun": "0"}, "15": {"status": "SKIP", "message": "('C:\\\\Workspace\\\\Open_canoe\\\\Internship_work\\\\Tests\\\\dummie_tests\\\\Basic_test\\\\test_basic.py', 146, 'Skipped: Test cannot be used now')\n", "test_name": "test_SetSpeed", "rerun": "0"}, "16": {"status": "SKIP", "message": "('C:\\\\Workspace\\\\Open_canoe\\\\Internship_work\\\\Tests\\\\dummie_tests\\\\Basic_test\\\\test_basic.py', 146, 'Skipped: Test not finished')\n", "test_name": "test_SetYaw", "rerun": "0"}, "17": {"status": "PASS", "message": "", "test_name": "test_MPCBelow", "rerun": "0"}, "18": {"status": "PASS", "message": "", "test_name": "test_MPCAbove", "rerun": "0"}}, "suite_name": "test_basic.py"}}}, "date": "October 26, 2023", "start_time": 1698314956.8615656, "total_suite": 1, "status": "FAIL", "status_list": {"pass": "10", "fail": "4", "skip": "5", "error": "0", "xpass": "0", "xfail": "0", "rerun": "0"}, "total_tests": "19"}